已經開始建置於 2017/10/3 下午 05:17:31。
     1>節點 2 (Build 目標) 上的專案 "C:\Users\MyLaptop\Documents\Visual Studio 2012\Projects\Practice\IO\IO.vcxproj"。
     1>ClCompile:
         C:\Program Files (x86)\Microsoft Visual Studio 11.0\VC\bin\CL.exe /c /ZI /nologo /W3 /WX- /Od /Oy- /D _VARIADIC_MAX=10 /D _MBCS /Gm /EHsc /RTC1 /MDd /GS /fp:precise /Zc:wchar_t /Zc:forScope /Fo"Debug\\" /Fd"Debug\vc110.pdb" /Gd /TP /analyze- /errorReport:prompt main.cpp
         main.cpp
     1>c:\users\mylaptop\documents\visual studio 2012\projects\practice\io\utinputstream.h(52): warning C4800: 'void *' : 強制將 bool 的值定為 'true' 或 'false' (效能警告)
     1>c:\users\mylaptop\documents\visual studio 2012\projects\practice\io\utinputstream.h(57): warning C4800: 'void *' : 強制將 bool 的值定為 'true' 或 'false' (效能警告)
     1>c:\users\mylaptop\documents\visual studio 2012\projects\practice\io\utinputstream.h(59): warning C4800: 'void *' : 強制將 bool 的值定為 'true' 或 'false' (效能警告)
     1>c:\users\mylaptop\documents\visual studio 2012\projects\practice\io\utinputstream.h(63): warning C4800: 'void *' : 強制將 bool 的值定為 'true' 或 'false' (效能警告)
     1>c:\users\mylaptop\documents\visual studio 2012\projects\practice\io\utinputstream.h(65): warning C4800: 'void *' : 強制將 bool 的值定為 'true' 或 'false' (效能警告)
     1>c:\users\mylaptop\documents\visual studio 2012\projects\practice\io\utinputstream.h(68): warning C4800: 'void *' : 強制將 bool 的值定為 'true' 或 'false' (效能警告)
     1>c:\users\mylaptop\documents\visual studio 2012\projects\practice\io\utinputstream.h(70): warning C4800: 'void *' : 強制將 bool 的值定為 'true' 或 'false' (效能警告)
     1>c:\users\mylaptop\documents\visual studio 2012\projects\practice\io\utinputstream.h(81): warning C4800: 'void *' : 強制將 bool 的值定為 'true' 或 'false' (效能警告)
       Link:
         C:\Program Files (x86)\Microsoft Visual Studio 11.0\VC\bin\link.exe /ERRORREPORT:PROMPT /OUT:"C:\Users\MyLaptop\Documents\Visual Studio 2012\Projects\Practice\Debug\IO.exe" /INCREMENTAL /NOLOGO kernel32.lib user32.lib gdi32.lib winspool.lib comdlg32.lib advapi32.lib shell32.lib ole32.lib oleaut32.lib uuid.lib odbc32.lib odbccp32.lib /MANIFEST /MANIFESTUAC:"level='asInvoker' uiAccess='false'" /manifest:embed /DEBUG /PDB:"C:\Users\MyLaptop\Documents\Visual Studio 2012\Projects\Practice\Debug\IO.pdb" /TLBID:1 /DYNAMICBASE /NXCOMPAT /IMPLIB:"C:\Users\MyLaptop\Documents\Visual Studio 2012\Projects\Practice\Debug\IO.lib" /MACHINE:X86 Debug\main.obj
         "C:\Users\MyLaptop\Documents\Visual Studio 2012\Projects\Practice\Debug\GoogleTest.lib"
         IO.vcxproj -> C:\Users\MyLaptop\Documents\Visual Studio 2012\Projects\Practice\Debug\IO.exe
     1>專案 "C:\Users\MyLaptop\Documents\Visual Studio 2012\Projects\Practice\IO\IO.vcxproj" (Build 目標) 建置完成。

建置成功。

經過時間 00:00:02.59
